<?xml version="1.0" encoding="UTF-8"?>
<!-- Generated by org.testng.reporters.JUnitReportReporter -->
<testsuite hostname="DESKTOP-96NUCQ1" failures="0" tests="1" name="logging.ResponseLogging" time="5.408" errors="0" timestamp="2023-08-02T14:47:31 IST" skipped="0">
  <testcase classname="logging.ResponseLogging" name="responseLoggingDemo" time="5.408"/>
  <system-out/>
</testsuite> <!-- logging.ResponseLogging -->
