<?xml version="1.0" encoding="UTF-8"?>
<!-- Generated by org.testng.reporters.JUnitReportReporter -->
<testsuite hostname="DESKTOP-96NUCQ1" failures="0" tests="1" name="com.getCall.Get_NonBDDDemo" time="6.795" errors="0" timestamp="2023-08-02T11:52:18 IST" skipped="0">
  <testcase classname="com.getCall.Get_NonBDDDemo" name="verifyStatusCode" time="6.795"/>
  <system-out/>
</testsuite> <!-- com.getCall.Get_NonBDDDemo -->
