<?xml version="1.0" encoding="UTF-8"?>
<!-- Generated by org.testng.reporters.JUnitReportReporter -->
<testsuite hostname="DESKTOP-96NUCQ1" failures="0" tests="2" name="com.JSONArray.ComplexJSONArray" time="0.026" errors="0" timestamp="2023-08-02T14:18:30 IST" skipped="0">
  <testcase classname="com.JSONArray.ComplexJSONArray" name="passBodyAsJsonArray1" time="0.003"/>
  <system-out/>
  <testcase classname="com.JSONArray.ComplexJSONArray" name="passBodyAsJsonArray" time="0.023"/>
  <system-out/>
</testsuite> <!-- com.JSONArray.ComplexJSONArray -->
