<?xml version="1.0" encoding="UTF-8"?>
<!-- Generated by org.testng.reporters.JUnitReportReporter -->
<testsuite hostname="DESKTOP-96NUCQ1" failures="0" tests="1" name="logging.Loggingtoatextfile" time="5.236" errors="0" timestamp="2023-08-02T14:50:36 IST" skipped="0">
  <testcase classname="logging.Loggingtoatextfile" name="responsetoFileDemo" time="5.236"/>
  <system-out/>
</testsuite> <!-- logging.Loggingtoatextfile -->
