<?xml version="1.0" encoding="UTF-8"?>
<!-- Generated by org.testng.reporters.JUnitReportReporter -->
<testsuite hostname="DESKTOP-96NUCQ1" failures="0" tests="1" name="logging.RestTests" time="5.668" errors="0" timestamp="2023-08-02T14:44:39 IST" skipped="0">
  <testcase classname="logging.RestTests" name="requestLoggingDemo" time="5.668"/>
  <system-out/>
</testsuite> <!-- logging.RestTests -->
