<?xml version="1.0" encoding="UTF-8"?>
<!-- Generated by org.testng.reporters.JUnitReportReporter -->
<testsuite hostname="DESKTOP-96NUCQ1" failures="0" tests="1" name="assertions.Hamcrest.HamcrestNullAssertion" time="5.901" errors="0" timestamp="2023-08-02T14:25:32 IST" skipped="0">
  <testcase classname="assertions.Hamcrest.HamcrestNullAssertion" name="nullAssertion" time="5.901"/>
  <system-out/>
</testsuite> <!-- assertions.Hamcrest.HamcrestNullAssertion -->
