<?xml version="1.0" encoding="UTF-8"?>
<!-- Generated by org.testng.reporters.JUnitReportReporter -->
<testsuite hostname="DESKTOP-96NUCQ1" failures="0" tests="1" name="assertions.Hamcrest.HamcrestHasKeyAssertion" time="5.897" errors="0" timestamp="2023-08-02T14:26:08 IST" skipped="0">
  <testcase classname="assertions.Hamcrest.HamcrestHasKeyAssertion" name="collectionAssertions" time="5.897"/>
  <system-out/>
</testsuite> <!-- assertions.Hamcrest.HamcrestHasKeyAssertion -->
