<?xml version="1.0" encoding="UTF-8"?>
<!-- Generated by org.testng.reporters.JUnitReportReporter -->
<testsuite hostname="DESKTOP-96NUCQ1" failures="0" tests="1" name="com.getCall.Get_BDDDemo" time="6.986" errors="0" timestamp="2023-08-02T11:48:20 IST" skipped="0">
  <testcase classname="com.getCall.Get_BDDDemo" name="verifyUser" time="6.986"/>
  <system-out/>
</testsuite> <!-- com.getCall.Get_BDDDemo -->
