<?xml version="1.0" encoding="UTF-8"?>
<!-- Generated by org.testng.reporters.JUnitReportReporter -->
<testsuite hostname="DESKTOP-96NUCQ1" failures="0" tests="1" name="logging.ConditionalLogging" time="5.270" errors="0" timestamp="2023-08-02T14:48:38 IST" skipped="0">
  <testcase classname="logging.ConditionalLogging" name="conditionalResponseLoggingDemo" time="5.270"/>
  <system-out/>
</testsuite> <!-- logging.ConditionalLogging -->
